<?xml version="1.0" encoding="UTF-8"?>
<testsuite name="Regression"
           tests="1"
           failures="1"
           errors="0"
           skipped="0"
           time="32.685">
  <properties />
            <testcase name="Testone" time="32.685" classname="com.amol.selenium.testReportNGScreenshot">
                <failure type="java.lang.AssertionError"
                  message="(null)"
              >
<![CDATA[java.lang.AssertionError
  com.amol.selenium.testReportNGScreenshot.Testone(testReportNGScreenshot.java:36)
  sun.reflect.NativeMethodAccessorImpl.invoke0(Native Method)
  sun.reflect.NativeMethodAccessorImpl.invoke(NativeMethodAccessorImpl.java:62)
  sun.reflect.DelegatingMethodAccessorImpl.invoke(DelegatingMethodAccessorImpl.java:43)
  java.lang.reflect.Method.invoke(Method.java:497)
  org.testng.internal.MethodInvocationHelper.invokeMethod(MethodInvocationHelper.java:74)
  org.testng.internal.Invoker.invokeMethod(Invoker.java:673)
  org.testng.internal.Invoker.invokeTestMethod(Invoker.java:846)
  org.testng.internal.Invoker.invokeTestMethods(Invoker.java:1170)
  org.testng.internal.TestMethodWorker.invokeTestMethods(TestMethodWorker.java:125)
  org.testng.internal.TestMethodWorker.run(TestMethodWorker.java:109)
  org.testng.TestRunner.runWorkers(TestRunner.java:1147)
  org.testng.TestRunner.privateRun(TestRunner.java:749)
  org.testng.TestRunner.run(TestRunner.java:600)
  org.testng.SuiteRunner.runTest(SuiteRunner.java:317)
  org.testng.SuiteRunner.runSequentially(SuiteRunner.java:312)
  org.testng.SuiteRunner.privateRun(SuiteRunner.java:274)
  org.testng.SuiteRunner.run(SuiteRunner.java:223)
  org.testng.SuiteRunnerWorker.runSuite(SuiteRunnerWorker.java:52)
  org.testng.SuiteRunnerWorker.run(SuiteRunnerWorker.java:86)
  org.testng.TestNG.runSuitesSequentially(TestNG.java:1039)
  org.testng.TestNG.runSuitesLocally(TestNG.java:964)
  org.testng.TestNG.run(TestNG.java:900)
  org.testng.remote.RemoteTestNG.run(RemoteTestNG.java:110)
  org.testng.remote.RemoteTestNG.initAndRun(RemoteTestNG.java:205)
  org.testng.remote.RemoteTestNG.main(RemoteTestNG.java:174)
  org.testng.RemoteTestNGStarter.main(RemoteTestNGStarter.java:125)
  sun.reflect.NativeMethodAccessorImpl.invoke0(Native Method)
  sun.reflect.NativeMethodAccessorImpl.invoke(NativeMethodAccessorImpl.java:62)
  sun.reflect.DelegatingMethodAccessorImpl.invoke(DelegatingMethodAccessorImpl.java:43)
  java.lang.reflect.Method.invoke(Method.java:497)
  com.intellij.rt.execution.application.AppMain.main(AppMain.java:134)
]]>
      </failure>

          </testcase>
  
  
  
</testsuite>
